<?xml version="1.0" encoding="UTF-8"?>
<!-- Generated by org.testng.reporters.JUnitReportReporter -->
<testsuite hostname="LAPTOP-3SEJI52O" failures="0" tests="1" name="com.leaftaps.ui.testcases.DeleteLeadTest" time="36.383" errors="0" timestamp="2022-11-19T22:50:00 IST" skipped="0">
  <testcase classname="com.leaftaps.ui.testcases.DeleteLeadTest" name="runDeleteLead" time="36.383"/>
  <system-out/>
</testsuite> <!-- com.leaftaps.ui.testcases.DeleteLeadTest -->
