<?xml version="1.0" encoding="UTF-8"?>
<!-- Generated by org.testng.reporters.JUnitReportReporter -->
<testsuite hostname="LAPTOP-3SEJI52O" failures="0" tests="1" name="com.leaftaps.ui.testcases.CreateLeadTest" time="32.100" errors="0" timestamp="2022-11-20T13:14:47 IST" skipped="0">
  <testcase classname="com.leaftaps.ui.testcases.CreateLeadTest" name="runCreateLead" time="32.100"/>
  <system-out/>
</testsuite> <!-- com.leaftaps.ui.testcases.CreateLeadTest -->
